<?xml version="1.0" encoding="UTF-8"?>
<!-- Generated by org.testng.reporters.JUnitXMLReporter -->
<testsuite ignored="0" hostname="LAPTOP-64SSV045" failures="0" tests="4" name="Test" time="55.239" errors="0" timestamp="2022-05-18T15:57:49 MDT">
  <testcase classname="TestingAcademy.HomePage" name="basePageNavigation" time="2.841"/>
  <testcase classname="TestingAcademy.HomePage" name="basePageNavigation" time="2.662"/>
  <testcase classname="TestingAcademy.ValidateHeader" name="basePageNavigation" time="0.088"/>
  <testcase classname="TestingAcademy.ValidateNavigator" name="basePageNavigation" time="0.072"/>
</testsuite> <!-- Test -->
