<?xml version="1.0" encoding="UTF-8"?>
<!-- Generated by org.testng.reporters.JUnitXMLReporter -->
<testsuite ignored="0" hostname="LAPTOP-64SSV045" failures="1" tests="1" name="validatingHeader" time="85.114" errors="0" timestamp="2022-05-19T16:51:37 MDT">
  <testcase classname="TestingAcademy.ValidateHeader" name="validateHeadertext" time="3.387">
    <failure type="java.lang.AssertionError" message="expected [Featured Courses56] but found [Featured Courses]">
      <![CDATA[java.lang.AssertionError: expected [Featured Courses56] but found [Featured Courses]
at TestingAcademy.ValidateHeader.validateHeadertext(ValidateHeader.java:36)
at java.base/java.util.ArrayList.forEach(ArrayList.java:1511)
at java.base/java.util.concurrent.FutureTask.run(FutureTask.java:264)
at java.base/java.util.concurrent.ThreadPoolExecutor.runWorker(ThreadPoolExecutor.java:1130)
at java.base/java.util.concurrent.ThreadPoolExecutor$Worker.run(ThreadPoolExecutor.java:630)
at java.base/java.lang.Thread.run(Thread.java:831)
... Removed 24 stack frames]]>
    </failure>
  </testcase> <!-- validateHeadertext -->
</testsuite> <!-- validatingHeader -->
